[Sat Sep 21 13:30:15.093440 2024] [:notice] [pid 8350:tid 140704335510976] FastCGI: process manager initialized (pid 8350)
[Sat Sep 21 13:30:15.095109 2024] [mpm_event:notice] [pid 8349:tid 140704335510976] AH00489: Apache/2.4.58 (Unix) OpenSSL/1.1.1u mod_fastcgi/mod_fastcgi-SNAP-0910052141 configured -- resuming normal operations
[Sat Sep 21 13:30:15.095507 2024] [core:notice] [pid 8349:tid 140704335510976] AH00094: Command line: '/Applications/MAMP/Library/bin/httpd'
[Sat Sep 21 17:51:35.622539 2024] [mpm_event:notice] [pid 8349:tid 140704335510976] AH00491: caught SIGTERM, shutting down
[Sat Sep 21 17:51:35.636507 2024] [:alert] [pid 8350:tid 140704335510976] (4)Interrupted system call: FastCGI: read() from pipe failed (0)
[Sat Sep 21 17:51:35.637303 2024] [:alert] [pid 8350:tid 140704335510976] (4)Interrupted system call: FastCGI: the PM is shutting down, Apache seems to have disappeared - bye
[Sat Sep 21 17:51:40.932582 2024] [:notice] [pid 20209:tid 140704335510976] FastCGI: process manager initialized (pid 20209)
[Sat Sep 21 17:51:40.935162 2024] [mpm_event:notice] [pid 20205:tid 140704335510976] AH00489: Apache/2.4.58 (Unix) OpenSSL/1.1.1u mod_fastcgi/mod_fastcgi-SNAP-0910052141 configured -- resuming normal operations
[Sat Sep 21 17:51:40.935710 2024] [core:notice] [pid 20205:tid 140704335510976] AH00094: Command line: '/Applications/MAMP/Library/bin/httpd'
[Sat Sep 21 17:53:06.573770 2024] [mpm_event:notice] [pid 20205:tid 140704335510976] AH00491: caught SIGTERM, shutting down
[Sat Sep 21 17:53:06.586535 2024] [:alert] [pid 20209:tid 140704335510976] (2)No such file or directory: FastCGI: read() from pipe failed (0)
[Sat Sep 21 17:53:06.586885 2024] [:alert] [pid 20209:tid 140704335510976] (2)No such file or directory: FastCGI: the PM is shutting down, Apache seems to have disappeared - bye
[Sat Sep 21 17:53:15.089232 2024] [mpm_event:notice] [pid 20982:tid 140704335510976] AH00489: Apache/2.4.58 (Unix) OpenSSL/1.1.1u mod_fastcgi/mod_fastcgi-SNAP-0910052141 configured -- resuming normal operations
[Sat Sep 21 17:53:15.089236 2024] [:notice] [pid 20983:tid 140704335510976] FastCGI: process manager initialized (pid 20983)
[Sat Sep 21 17:53:15.089684 2024] [core:notice] [pid 20982:tid 140704335510976] AH00094: Command line: '/Applications/MAMP/Library/bin/httpd'
[Sat Sep 21 17:53:57.329676 2024] [mpm_event:notice] [pid 20982:tid 140704335510976] AH00491: caught SIGTERM, shutting down
[Sat Sep 21 17:53:57.342500 2024] [:alert] [pid 20983:tid 140704335510976] (2)No such file or directory: FastCGI: read() from pipe failed (0)
[Sat Sep 21 17:53:57.342816 2024] [:alert] [pid 20983:tid 140704335510976] (2)No such file or directory: FastCGI: the PM is shutting down, Apache seems to have disappeared - bye
[Sat Sep 21 17:53:59.557040 2024] [:notice] [pid 21410:tid 140704335510976] FastCGI: process manager initialized (pid 21410)
[Sat Sep 21 17:53:59.563139 2024] [mpm_event:notice] [pid 21408:tid 140704335510976] AH00489: Apache/2.4.58 (Unix) OpenSSL/1.1.1u mod_fastcgi/mod_fastcgi-SNAP-0910052141 configured -- resuming normal operations
[Sat Sep 21 17:53:59.563569 2024] [core:notice] [pid 21408:tid 140704335510976] AH00094: Command line: '/Applications/MAMP/Library/bin/httpd'
[Sat Sep 21 18:07:53.008142 2024] [:error] [pid 21714:tid 123145558978560] [client ::1:51642] FastCGI: server "/Applications/MAMP/fcgi-bin/php.fcgi" stderr: PHP Warning:  move_uploaded_file(uploads/ordonnance-decryptee_0.jpg.webp): Failed to open stream: No such file or directory in /Applications/MAMP/htdocs/deposer_document.php on line 25, referer: http://localhost:8888/deposer_document.php
[Sat Sep 21 18:07:53.009618 2024] [:error] [pid 21714:tid 123145558978560] [client ::1:51642] FastCGI: server "/Applications/MAMP/fcgi-bin/php.fcgi" stderr: PHP Warning:  move_uploaded_file(): Unable to move &quot;/Applications/MAMP/tmp/php/php2BQBIt&quot; to &quot;uploads/ordonnance-decryptee_0.jpg.webp&quot; in /Applications/MAMP/htdocs/deposer_document.php on line 25, referer: http://localhost:8888/deposer_document.php
[Sat Sep 21 18:10:12.579908 2024] [:error] [pid 21714:tid 123145560588288] [client ::1:51645] FastCGI: server "/Applications/MAMP/fcgi-bin/php.fcgi" stderr: PHP Warning:  move_uploaded_file(uploads/ordonnance-decryptee_0.jpg.webp): Failed to open stream: No such file or directory in /Applications/MAMP/htdocs/deposer_document.php on line 25, referer: http://localhost:8888/deposer_document.php
[Sat Sep 21 18:10:12.580537 2024] [:error] [pid 21714:tid 123145560588288] [client ::1:51645] FastCGI: server "/Applications/MAMP/fcgi-bin/php.fcgi" stderr: PHP Warning:  move_uploaded_file(): Unable to move &quot;/Applications/MAMP/tmp/php/php7etUX7&quot; to &quot;uploads/ordonnance-decryptee_0.jpg.webp&quot; in /Applications/MAMP/htdocs/deposer_document.php on line 25, referer: http://localhost:8888/deposer_document.php
[Sat Sep 21 18:10:43.023129 2024] [:error] [pid 21714:tid 123145562734592] [client ::1:51646] FastCGI: server "/Applications/MAMP/fcgi-bin/php.fcgi" stderr: PHP Warning:  move_uploaded_file(uploads/ordonnance-decryptee_0.jpg.webp): Failed to open stream: No such file or directory in /Applications/MAMP/htdocs/deposer_document.php on line 25, referer: http://localhost:8888/deposer_document.php
[Sat Sep 21 18:10:43.023925 2024] [:error] [pid 21714:tid 123145562734592] [client ::1:51646] FastCGI: server "/Applications/MAMP/fcgi-bin/php.fcgi" stderr: PHP Warning:  move_uploaded_file(): Unable to move &quot;/Applications/MAMP/tmp/php/phpZHsrug&quot; to &quot;uploads/ordonnance-decryptee_0.jpg.webp&quot; in /Applications/MAMP/htdocs/deposer_document.php on line 25, referer: http://localhost:8888/deposer_document.php
[Sat Sep 21 18:11:30.344029 2024] [:error] [pid 21414:tid 123145565954048] [client ::1:51649] FastCGI: server "/Applications/MAMP/fcgi-bin/php.fcgi" stderr: PHP Warning:  move_uploaded_file(uploads/ordonnance-decryptee_0.jpg.webp): Failed to open stream: No such file or directory in /Applications/MAMP/htdocs/deposer_document.php on line 25, referer: http://localhost:8888/deposer_document.php
[Sat Sep 21 18:11:30.345146 2024] [:error] [pid 21414:tid 123145565954048] [client ::1:51649] FastCGI: server "/Applications/MAMP/fcgi-bin/php.fcgi" stderr: PHP Warning:  move_uploaded_file(): Unable to move &quot;/Applications/MAMP/tmp/php/phpXFEV2z&quot; to &quot;uploads/ordonnance-decryptee_0.jpg.webp&quot; in /Applications/MAMP/htdocs/deposer_document.php on line 25, referer: http://localhost:8888/deposer_document.php
[Sat Sep 21 18:12:31.692197 2024] [:error] [pid 21714:tid 123145567027200] [client ::1:51650] FastCGI: server "/Applications/MAMP/fcgi-bin/php.fcgi" stderr: PHP Warning:  move_uploaded_file(uploads/ordonnance-decryptee_0.jpg.webp): Failed to open stream: No such file or directory in /Applications/MAMP/htdocs/deposer_document.php on line 25, referer: http://localhost:8888/deposer_document.php
[Sat Sep 21 18:12:31.693554 2024] [:error] [pid 21714:tid 123145567027200] [client ::1:51650] FastCGI: server "/Applications/MAMP/fcgi-bin/php.fcgi" stderr: PHP Warning:  move_uploaded_file(): Unable to move &quot;/Applications/MAMP/tmp/php/phpyNCDgT&quot; to &quot;uploads/ordonnance-decryptee_0.jpg.webp&quot; in /Applications/MAMP/htdocs/deposer_document.php on line 25, referer: http://localhost:8888/deposer_document.php
[Sat Sep 21 20:40:23.046831 2024] [:error] [pid 21714:tid 123145567027200] [client ::1:52752] FastCGI: server "/Applications/MAMP/fcgi-bin/php.fcgi" stderr: PHP Parse error:  syntax error, unexpected token "<", expecting end of file in /Applications/MAMP/htdocs/deposer_document.php on line 41
[Sat Sep 21 20:40:24.447403 2024] [:error] [pid 21714:tid 123145567563776] [client ::1:52752] FastCGI: server "/Applications/MAMP/fcgi-bin/php.fcgi" stderr: PHP Parse error:  syntax error, unexpected token "<", expecting end of file in /Applications/MAMP/htdocs/deposer_document.php on line 41
[Sat Sep 21 20:42:17.416642 2024] [:error] [pid 21714:tid 123145558441984] [client ::1:52777] FastCGI: server "/Applications/MAMP/fcgi-bin/php.fcgi" stderr: PHP Warning:  Undefined variable $searchTerm in /Applications/MAMP/htdocs/search.php on line 54, referer: http://localhost:8888/index.php
[Sat Sep 21 20:42:17.421289 2024] [:error] [pid 21714:tid 123145558441984] [client ::1:52777] FastCGI: server "/Applications/MAMP/fcgi-bin/php.fcgi" stderr: PHP Deprecated:  htmlspecialchars(): Passing null to parameter #1 ($string) of type string is deprecated in /Applications/MAMP/htdocs/search.php on line 54, referer: http://localhost:8888/index.php
