[21-Sep-2024 11:30:34 UTC] PHP Warning:  include(config.php): Failed to open stream: No such file or directory in /Applications/MAMP/htdocs/login.php on line 3
[21-Sep-2024 11:30:34 UTC] PHP Warning:  include(): Failed opening 'config.php' for inclusion (include_path='.:/Applications/MAMP/bin/php/php8.2.20/lib/php') in /Applications/MAMP/htdocs/login.php on line 3
[21-Sep-2024 11:43:35 UTC] PHP Warning:  include(config.php): Failed to open stream: No such file or directory in /Applications/MAMP/htdocs/register.php on line 2
[21-Sep-2024 11:43:35 UTC] PHP Warning:  include(): Failed opening 'config.php' for inclusion (include_path='.:/Applications/MAMP/bin/php/php8.2.20/lib/php') in /Applications/MAMP/htdocs/register.php on line 2
[21-Sep-2024 11:44:15 UTC] PHP Warning:  include(/Applications/MAMP/htdocs/config.php): Failed to open stream: No such file or directory in /Applications/MAMP/htdocs/register.php on line 2
[21-Sep-2024 11:44:15 UTC] PHP Warning:  include(): Failed opening 'config.php' for inclusion (include_path='.:/Applications/MAMP/bin/php/php8.2.20/lib/php') in /Applications/MAMP/htdocs/register.php on line 2
[21-Sep-2024 11:44:15 UTC] PHP Warning:  Undefined variable $pdo in /Applications/MAMP/htdocs/register.php on line 11
[21-Sep-2024 11:44:15 UTC] PHP Fatal error:  Uncaught Error: Call to a member function prepare() on null in /Applications/MAMP/htdocs/register.php:11
Stack trace:
#0 {main}
  thrown in /Applications/MAMP/htdocs/register.php on line 11
[21-Sep-2024 11:56:21 UTC] PHP Fatal error:  Uncaught PDOException: SQLSTATE[42S02]: Base table or view not found: 1146 Table 'users_db.users' doesn't exist in /Applications/MAMP/htdocs/register.php:12
Stack trace:
#0 /Applications/MAMP/htdocs/register.php(12): PDOStatement->execute(Array)
#1 {main}
  thrown in /Applications/MAMP/htdocs/register.php on line 12
[21-Sep-2024 12:00:30 UTC] PHP Fatal error:  Uncaught PDOException: SQLSTATE[42S02]: Base table or view not found: 1146 Table 'users_db.users' doesn't exist in /Applications/MAMP/htdocs/register.php:12
Stack trace:
#0 /Applications/MAMP/htdocs/register.php(12): PDOStatement->execute(Array)
#1 {main}
  thrown in /Applications/MAMP/htdocs/register.php on line 12
[21-Sep-2024 12:02:38 UTC] PHP Fatal error:  Uncaught PDOException: SQLSTATE[42S02]: Base table or view not found: 1146 Table 'users_db.users' doesn't exist in /Applications/MAMP/htdocs/register.php:12
Stack trace:
#0 /Applications/MAMP/htdocs/register.php(12): PDOStatement->execute(Array)
#1 {main}
  thrown in /Applications/MAMP/htdocs/register.php on line 12
[21-Sep-2024 12:02:44 UTC] PHP Fatal error:  Uncaught PDOException: SQLSTATE[42S02]: Base table or view not found: 1146 Table 'users_db.users' doesn't exist in /Applications/MAMP/htdocs/register.php:12
Stack trace:
#0 /Applications/MAMP/htdocs/register.php(12): PDOStatement->execute(Array)
#1 {main}
  thrown in /Applications/MAMP/htdocs/register.php on line 12
[21-Sep-2024 12:04:26 UTC] PHP Fatal error:  Uncaught PDOException: SQLSTATE[42S22]: Column not found: 1054 Unknown column 'role' in 'field list' in /Applications/MAMP/htdocs/register.php:18
Stack trace:
#0 /Applications/MAMP/htdocs/register.php(18): PDOStatement->execute(Array)
#1 {main}
  thrown in /Applications/MAMP/htdocs/register.php on line 18
[21-Sep-2024 12:28:38 UTC] PHP Fatal error:  Uncaught PDOException: SQLSTATE[HY000] [1045] Access denied for user 'root'@'localhost' (using password: YES) in /Applications/MAMP/htdocs/search.php:12
Stack trace:
#0 /Applications/MAMP/htdocs/search.php(12): PDO->__construct('mysql:host=loca...', 'root', Object(SensitiveParameterValue))
#1 {main}
  thrown in /Applications/MAMP/htdocs/search.php on line 12
[21-Sep-2024 12:43:21 UTC] PHP Fatal error:  Uncaught PDOException: SQLSTATE[HY000] [1045] Access denied for user 'root'@'localhost' (using password: YES) in /Applications/MAMP/htdocs/search.php:12
Stack trace:
#0 /Applications/MAMP/htdocs/search.php(12): PDO->__construct('mysql:host=loca...', 'root', Object(SensitiveParameterValue))
#1 {main}
  thrown in /Applications/MAMP/htdocs/search.php on line 12
[21-Sep-2024 12:43:24 UTC] PHP Fatal error:  Uncaught PDOException: SQLSTATE[HY000] [1045] Access denied for user 'root'@'localhost' (using password: YES) in /Applications/MAMP/htdocs/search.php:12
Stack trace:
#0 /Applications/MAMP/htdocs/search.php(12): PDO->__construct('mysql:host=loca...', 'root', Object(SensitiveParameterValue))
#1 {main}
  thrown in /Applications/MAMP/htdocs/search.php on line 12
[21-Sep-2024 13:45:26 UTC] PHP Notice:  session_start(): Ignoring session_start() because a session is already active in /Applications/MAMP/htdocs/login.php on line 60
[21-Sep-2024 13:48:44 UTC] PHP Notice:  session_start(): Ignoring session_start() because a session is already active in /Applications/MAMP/htdocs/login.php on line 60
[21-Sep-2024 13:48:45 UTC] PHP Notice:  session_start(): Ignoring session_start() because a session is already active in /Applications/MAMP/htdocs/login.php on line 60
[21-Sep-2024 13:48:51 UTC] PHP Warning:  Undefined array key "email" in /Applications/MAMP/htdocs/login.php on line 6
[21-Sep-2024 13:48:51 UTC] PHP Notice:  session_start(): Ignoring session_start() because a session is already active in /Applications/MAMP/htdocs/login.php on line 60
[21-Sep-2024 13:48:51 UTC] PHP Warning:  Undefined array key "g-recaptcha-response" in /Applications/MAMP/htdocs/login.php on line 64
[21-Sep-2024 13:48:53 UTC] PHP Warning:  Undefined array key "email" in /Applications/MAMP/htdocs/login.php on line 6
[21-Sep-2024 13:48:53 UTC] PHP Notice:  session_start(): Ignoring session_start() because a session is already active in /Applications/MAMP/htdocs/login.php on line 60
[21-Sep-2024 13:48:53 UTC] PHP Warning:  Undefined array key "g-recaptcha-response" in /Applications/MAMP/htdocs/login.php on line 64
[21-Sep-2024 13:49:08 UTC] PHP Notice:  session_start(): Ignoring session_start() because a session is already active in /Applications/MAMP/htdocs/login.php on line 60
[21-Sep-2024 13:49:08 UTC] PHP Warning:  Undefined array key "username" in /Applications/MAMP/htdocs/login.php on line 62
[21-Sep-2024 13:49:08 UTC] PHP Warning:  Undefined array key "g-recaptcha-response" in /Applications/MAMP/htdocs/login.php on line 64
[21-Sep-2024 13:49:17 UTC] PHP Notice:  session_start(): Ignoring session_start() because a session is already active in /Applications/MAMP/htdocs/login.php on line 60
[21-Sep-2024 13:49:17 UTC] PHP Warning:  Undefined array key "username" in /Applications/MAMP/htdocs/login.php on line 62
[21-Sep-2024 13:49:17 UTC] PHP Warning:  Undefined array key "g-recaptcha-response" in /Applications/MAMP/htdocs/login.php on line 64
[21-Sep-2024 13:49:26 UTC] PHP Notice:  session_start(): Ignoring session_start() because a session is already active in /Applications/MAMP/htdocs/login.php on line 60
[21-Sep-2024 13:49:26 UTC] PHP Warning:  Undefined array key "username" in /Applications/MAMP/htdocs/login.php on line 62
[21-Sep-2024 13:49:26 UTC] PHP Warning:  Undefined array key "g-recaptcha-response" in /Applications/MAMP/htdocs/login.php on line 64
[21-Sep-2024 13:49:27 UTC] PHP Notice:  session_start(): Ignoring session_start() because a session is already active in /Applications/MAMP/htdocs/login.php on line 60
[21-Sep-2024 13:49:27 UTC] PHP Warning:  Undefined array key "username" in /Applications/MAMP/htdocs/login.php on line 62
[21-Sep-2024 13:49:27 UTC] PHP Warning:  Undefined array key "g-recaptcha-response" in /Applications/MAMP/htdocs/login.php on line 64
[21-Sep-2024 13:49:44 UTC] PHP Notice:  session_start(): Ignoring session_start() because a session is already active in /Applications/MAMP/htdocs/login.php on line 60
[21-Sep-2024 14:22:20 UTC] PHP Fatal error:  Uncaught TypeError: Cannot access offset of type string on string in /Applications/MAMP/htdocs/profile.php:57
Stack trace:
#0 {main}
  thrown in /Applications/MAMP/htdocs/profile.php on line 57
[21-Sep-2024 14:22:21 UTC] PHP Fatal error:  Uncaught TypeError: Cannot access offset of type string on string in /Applications/MAMP/htdocs/profile.php:57
Stack trace:
#0 {main}
  thrown in /Applications/MAMP/htdocs/profile.php on line 57
[21-Sep-2024 14:22:25 UTC] PHP Fatal error:  Uncaught TypeError: Cannot access offset of type string on string in /Applications/MAMP/htdocs/profile.php:57
Stack trace:
#0 {main}
  thrown in /Applications/MAMP/htdocs/profile.php on line 57
[21-Sep-2024 15:23:14 UTC] PHP Warning:  move_uploaded_file(uploads/ordonnance-decryptee_0.jpg.webp): Failed to open stream: No such file or directory in /Applications/MAMP/htdocs/deposer_document.php on line 22
[21-Sep-2024 15:23:14 UTC] PHP Warning:  move_uploaded_file(): Unable to move &quot;/Applications/MAMP/tmp/php/phpmfZKV1&quot; to &quot;uploads/ordonnance-decryptee_0.jpg.webp&quot; in /Applications/MAMP/htdocs/deposer_document.php on line 22
[21-Sep-2024 15:28:56 UTC] PHP Warning:  move_uploaded_file(uploads/ordonnance-decryptee_0.jpg.webp): Failed to open stream: No such file or directory in /Applications/MAMP/htdocs/deposer_document.php on line 25
[21-Sep-2024 15:28:56 UTC] PHP Warning:  move_uploaded_file(): Unable to move &quot;/Applications/MAMP/tmp/php/phpnf52Hx&quot; to &quot;uploads/ordonnance-decryptee_0.jpg.webp&quot; in /Applications/MAMP/htdocs/deposer_document.php on line 25
[21-Sep-2024 15:29:02 UTC] PHP Warning:  move_uploaded_file(uploads/ordonnance-decryptee_0.jpg.webp): Failed to open stream: No such file or directory in /Applications/MAMP/htdocs/deposer_document.php on line 25
[21-Sep-2024 15:29:02 UTC] PHP Warning:  move_uploaded_file(): Unable to move &quot;/Applications/MAMP/tmp/php/php9yjZZf&quot; to &quot;uploads/ordonnance-decryptee_0.jpg.webp&quot; in /Applications/MAMP/htdocs/deposer_document.php on line 25
[21-Sep-2024 15:42:45 UTC] PHP Notice:  PHP Request Startup: file created in the system's temporary directory in Unknown on line 0
[21-Sep-2024 15:42:45 UTC] PHP Warning:  session_start(): open(/Applications/MAMP/tmp/php/sess_mn6gujmojk8nrhjbpt17dvihdh, O_RDWR) failed: No such file or directory (2) in /Applications/MAMP/htdocs/deposer_document.php on line 2
[21-Sep-2024 15:42:45 UTC] PHP Warning:  session_start(): Failed to read session data: files (path: /Applications/MAMP/tmp/php) in /Applications/MAMP/htdocs/deposer_document.php on line 2
[21-Sep-2024 15:42:46 UTC] PHP Warning:  session_start(): open(/Applications/MAMP/tmp/php/sess_mn6gujmojk8nrhjbpt17dvihdh, O_RDWR) failed: No such file or directory (2) in /Applications/MAMP/htdocs/login.php on line 2
[21-Sep-2024 15:42:46 UTC] PHP Warning:  session_start(): Failed to read session data: files (path: /Applications/MAMP/tmp/php) in /Applications/MAMP/htdocs/login.php on line 2
[21-Sep-2024 15:42:54 UTC] PHP Warning:  session_start(): open(/Applications/MAMP/tmp/php/sess_mn6gujmojk8nrhjbpt17dvihdh, O_RDWR) failed: No such file or directory (2) in /Applications/MAMP/htdocs/index.php on line 2
[21-Sep-2024 15:42:54 UTC] PHP Warning:  session_start(): Failed to read session data: files (path: /Applications/MAMP/tmp/php) in /Applications/MAMP/htdocs/index.php on line 2
[21-Sep-2024 15:42:54 UTC] PHP Warning:  session_start(): open(/Applications/MAMP/tmp/php/sess_mn6gujmojk8nrhjbpt17dvihdh, O_RDWR) failed: No such file or directory (2) in /Applications/MAMP/htdocs/login.php on line 2
[21-Sep-2024 15:42:54 UTC] PHP Warning:  session_start(): Failed to read session data: files (path: /Applications/MAMP/tmp/php) in /Applications/MAMP/htdocs/login.php on line 2
[21-Sep-2024 15:42:56 UTC] PHP Warning:  session_start(): open(/Applications/MAMP/tmp/php/sess_mn6gujmojk8nrhjbpt17dvihdh, O_RDWR) failed: No such file or directory (2) in /Applications/MAMP/htdocs/login.php on line 2
[21-Sep-2024 15:42:56 UTC] PHP Warning:  session_start(): Failed to read session data: files (path: /Applications/MAMP/tmp/php) in /Applications/MAMP/htdocs/login.php on line 2
[21-Sep-2024 15:43:02 UTC] PHP Warning:  session_start(): open(/Applications/MAMP/tmp/php/sess_mn6gujmojk8nrhjbpt17dvihdh, O_RDWR) failed: No such file or directory (2) in /Applications/MAMP/htdocs/login.php on line 2
[21-Sep-2024 15:43:02 UTC] PHP Warning:  session_start(): Failed to read session data: files (path: /Applications/MAMP/tmp/php) in /Applications/MAMP/htdocs/login.php on line 2
[21-Sep-2024 15:43:43 UTC] PHP Warning:  session_start(): open(/Applications/MAMP/tmp/php/sess_mn6gujmojk8nrhjbpt17dvihdh, O_RDWR) failed: No such file or directory (2) in /Applications/MAMP/htdocs/login.php on line 2
[21-Sep-2024 15:43:43 UTC] PHP Warning:  session_start(): Failed to read session data: files (path: /Applications/MAMP/tmp/php) in /Applications/MAMP/htdocs/login.php on line 2
[21-Sep-2024 15:43:48 UTC] PHP Fatal error:  Uncaught mysqli_sql_exception: No such file or directory in /Applications/MAMP/bin/mamp/js/ajax-check-mysql-running.php:45
Stack trace:
#0 /Applications/MAMP/bin/mamp/js/ajax-check-mysql-running.php(45): mysqli->__construct('localhost', 'root', Object(SensitiveParameterValue), 'information_sch...', '8889', '/Applications/M...')
#1 {main}
  thrown in /Applications/MAMP/bin/mamp/js/ajax-check-mysql-running.php on line 45
[21-Sep-2024 15:44:09 UTC] PHP Warning:  session_start(): open(/Applications/MAMP/tmp/php/sess_mn6gujmojk8nrhjbpt17dvihdh, O_RDWR) failed: No such file or directory (2) in /Applications/MAMP/htdocs/index.php on line 2
[21-Sep-2024 15:44:09 UTC] PHP Warning:  session_start(): Failed to read session data: files (path: /Applications/MAMP/tmp/php) in /Applications/MAMP/htdocs/index.php on line 2
[21-Sep-2024 15:44:09 UTC] PHP Warning:  session_start(): open(/Applications/MAMP/tmp/php/sess_mn6gujmojk8nrhjbpt17dvihdh, O_RDWR) failed: No such file or directory (2) in /Applications/MAMP/htdocs/login.php on line 2
[21-Sep-2024 15:44:09 UTC] PHP Warning:  session_start(): Failed to read session data: files (path: /Applications/MAMP/tmp/php) in /Applications/MAMP/htdocs/login.php on line 2
[21-Sep-2024 15:44:25 UTC] PHP Warning:  session_start(): open(/Applications/MAMP/tmp/php/sess_mn6gujmojk8nrhjbpt17dvihdh, O_RDWR) failed: No such file or directory (2) in /Applications/MAMP/htdocs/login.php on line 2
[21-Sep-2024 15:44:25 UTC] PHP Warning:  session_start(): Failed to read session data: files (path: /Applications/MAMP/tmp/php) in /Applications/MAMP/htdocs/login.php on line 2
[21-Sep-2024 15:44:29 UTC] PHP Warning:  session_start(): open(/Applications/MAMP/tmp/php/sess_mn6gujmojk8nrhjbpt17dvihdh, O_RDWR) failed: No such file or directory (2) in /Applications/MAMP/htdocs/login.php on line 2
[21-Sep-2024 15:44:29 UTC] PHP Warning:  session_start(): Failed to read session data: files (path: /Applications/MAMP/tmp/php) in /Applications/MAMP/htdocs/login.php on line 2
[21-Sep-2024 15:45:15 UTC] PHP Warning:  session_start(): open(/Applications/MAMP/tmp/php/sess_mn6gujmojk8nrhjbpt17dvihdh, O_RDWR) failed: No such file or directory (2) in /Applications/MAMP/htdocs/login.php on line 2
[21-Sep-2024 15:45:15 UTC] PHP Warning:  session_start(): Failed to read session data: files (path: /Applications/MAMP/tmp/php) in /Applications/MAMP/htdocs/login.php on line 2
[21-Sep-2024 15:45:18 UTC] PHP Warning:  session_start(): open(/Applications/MAMP/tmp/php/sess_mn6gujmojk8nrhjbpt17dvihdh, O_RDWR) failed: No such file or directory (2) in /Applications/MAMP/htdocs/index.php on line 2
[21-Sep-2024 15:45:18 UTC] PHP Warning:  session_start(): Failed to read session data: files (path: /Applications/MAMP/tmp/php) in /Applications/MAMP/htdocs/index.php on line 2
[21-Sep-2024 15:45:18 UTC] PHP Warning:  session_start(): open(/Applications/MAMP/tmp/php/sess_mn6gujmojk8nrhjbpt17dvihdh, O_RDWR) failed: No such file or directory (2) in /Applications/MAMP/htdocs/login.php on line 2
[21-Sep-2024 15:45:18 UTC] PHP Warning:  session_start(): Failed to read session data: files (path: /Applications/MAMP/tmp/php) in /Applications/MAMP/htdocs/login.php on line 2
[21-Sep-2024 15:48:57 UTC] PHP Warning:  session_start(): open(/Applications/MAMP/tmp/php/sess_mn6gujmojk8nrhjbpt17dvihdh, O_RDWR) failed: No such file or directory (2) in /Applications/MAMP/htdocs/login.php on line 2
[21-Sep-2024 15:48:57 UTC] PHP Warning:  session_start(): Failed to read session data: files (path: /Applications/MAMP/tmp/php) in /Applications/MAMP/htdocs/login.php on line 2
[21-Sep-2024 15:51:59 UTC] PHP Fatal error:  Uncaught mysqli_sql_exception: No such file or directory in /Applications/MAMP/bin/mamp/js/ajax-check-mysql-running.php:45
Stack trace:
#0 /Applications/MAMP/bin/mamp/js/ajax-check-mysql-running.php(45): mysqli->__construct('localhost', 'root', Object(SensitiveParameterValue), 'information_sch...', '8889', '/Applications/M...')
#1 {main}
  thrown in /Applications/MAMP/bin/mamp/js/ajax-check-mysql-running.php on line 45
[21-Sep-2024 15:54:16 UTC] PHP Warning:  session_start(): open(/Applications/MAMP/tmp/php/sess_mn6gujmojk8nrhjbpt17dvihdh, O_RDWR) failed: No such file or directory (2) in /Applications/MAMP/htdocs/index.php on line 2
[21-Sep-2024 15:54:16 UTC] PHP Warning:  session_start(): Failed to read session data: files (path: /Applications/MAMP/tmp/php) in /Applications/MAMP/htdocs/index.php on line 2
[21-Sep-2024 15:54:16 UTC] PHP Warning:  session_start(): open(/Applications/MAMP/tmp/php/sess_mn6gujmojk8nrhjbpt17dvihdh, O_RDWR) failed: No such file or directory (2) in /Applications/MAMP/htdocs/login.php on line 2
[21-Sep-2024 15:54:16 UTC] PHP Warning:  session_start(): Failed to read session data: files (path: /Applications/MAMP/tmp/php) in /Applications/MAMP/htdocs/login.php on line 2
[21-Sep-2024 15:55:41 UTC] PHP Warning:  session_start(): open(/Applications/MAMP/tmp/php/sess_mn6gujmojk8nrhjbpt17dvihdh, O_RDWR) failed: No such file or directory (2) in /Applications/MAMP/htdocs/login.php on line 2
[21-Sep-2024 15:55:41 UTC] PHP Warning:  session_start(): Failed to read session data: files (path: /Applications/MAMP/tmp/php) in /Applications/MAMP/htdocs/login.php on line 2
[21-Sep-2024 15:55:49 UTC] PHP Warning:  session_start(): open(/Applications/MAMP/tmp/php/sess_mn6gujmojk8nrhjbpt17dvihdh, O_RDWR) failed: No such file or directory (2) in /Applications/MAMP/htdocs/login.php on line 2
[21-Sep-2024 15:55:49 UTC] PHP Warning:  session_start(): Failed to read session data: files (path: /Applications/MAMP/tmp/php) in /Applications/MAMP/htdocs/login.php on line 2
[21-Sep-2024 15:59:07 UTC] PHP Warning:  session_start(): open(/Applications/MAMP/tmp/php/sess_mn6gujmojk8nrhjbpt17dvihdh, O_RDWR) failed: No such file or directory (2) in /Applications/MAMP/htdocs/login.php on line 2
[21-Sep-2024 15:59:07 UTC] PHP Warning:  session_start(): Failed to read session data: files (path: /Applications/MAMP/tmp/php) in /Applications/MAMP/htdocs/login.php on line 2
[21-Sep-2024 15:59:08 UTC] PHP Warning:  session_start(): open(/Applications/MAMP/tmp/php/sess_mn6gujmojk8nrhjbpt17dvihdh, O_RDWR) failed: No such file or directory (2) in /Applications/MAMP/htdocs/login.php on line 2
[21-Sep-2024 15:59:08 UTC] PHP Warning:  session_start(): Failed to read session data: files (path: /Applications/MAMP/tmp/php) in /Applications/MAMP/htdocs/login.php on line 2
[21-Sep-2024 15:59:08 UTC] PHP Warning:  session_start(): open(/Applications/MAMP/tmp/php/sess_mn6gujmojk8nrhjbpt17dvihdh, O_RDWR) failed: No such file or directory (2) in /Applications/MAMP/htdocs/login.php on line 2
[21-Sep-2024 15:59:08 UTC] PHP Warning:  session_start(): Failed to read session data: files (path: /Applications/MAMP/tmp/php) in /Applications/MAMP/htdocs/login.php on line 2
[21-Sep-2024 15:59:08 UTC] PHP Warning:  session_start(): open(/Applications/MAMP/tmp/php/sess_mn6gujmojk8nrhjbpt17dvihdh, O_RDWR) failed: No such file or directory (2) in /Applications/MAMP/htdocs/login.php on line 2
[21-Sep-2024 15:59:08 UTC] PHP Warning:  session_start(): Failed to read session data: files (path: /Applications/MAMP/tmp/php) in /Applications/MAMP/htdocs/login.php on line 2
[21-Sep-2024 15:59:09 UTC] PHP Warning:  session_start(): open(/Applications/MAMP/tmp/php/sess_mn6gujmojk8nrhjbpt17dvihdh, O_RDWR) failed: No such file or directory (2) in /Applications/MAMP/htdocs/login.php on line 2
[21-Sep-2024 15:59:09 UTC] PHP Warning:  session_start(): Failed to read session data: files (path: /Applications/MAMP/tmp/php) in /Applications/MAMP/htdocs/login.php on line 2
[21-Sep-2024 16:01:26 UTC] PHP Warning:  session_start(): open(/Applications/MAMP/tmp/php/sess_mn6gujmojk8nrhjbpt17dvihdh, O_RDWR) failed: No such file or directory (2) in /Applications/MAMP/htdocs/login.php on line 2
[21-Sep-2024 16:01:26 UTC] PHP Warning:  session_start(): Failed to read session data: files (path: /Applications/MAMP/tmp/php) in /Applications/MAMP/htdocs/login.php on line 2
[21-Sep-2024 16:01:27 UTC] PHP Warning:  session_start(): open(/Applications/MAMP/tmp/php/sess_mn6gujmojk8nrhjbpt17dvihdh, O_RDWR) failed: No such file or directory (2) in /Applications/MAMP/htdocs/login.php on line 2
[21-Sep-2024 16:01:27 UTC] PHP Warning:  session_start(): Failed to read session data: files (path: /Applications/MAMP/tmp/php) in /Applications/MAMP/htdocs/login.php on line 2
[21-Sep-2024 16:01:48 UTC] PHP Warning:  session_start(): open(/Applications/MAMP/tmp/php/sess_mn6gujmojk8nrhjbpt17dvihdh, O_RDWR) failed: No such file or directory (2) in /Applications/MAMP/htdocs/login.php on line 2
[21-Sep-2024 16:01:48 UTC] PHP Warning:  session_start(): Failed to read session data: files (path: /Applications/MAMP/tmp/php) in /Applications/MAMP/htdocs/login.php on line 2
[21-Sep-2024 16:01:56 UTC] PHP Warning:  session_start(): open(/Applications/MAMP/tmp/php/sess_mn6gujmojk8nrhjbpt17dvihdh, O_RDWR) failed: No such file or directory (2) in /Applications/MAMP/htdocs/login.php on line 2
[21-Sep-2024 16:01:56 UTC] PHP Warning:  session_start(): Failed to read session data: files (path: /Applications/MAMP/tmp/php) in /Applications/MAMP/htdocs/login.php on line 2
[21-Sep-2024 16:03:03 UTC] PHP Warning:  session_start(): open(/Applications/MAMP/tmp/php/sess_mn6gujmojk8nrhjbpt17dvihdh, O_RDWR) failed: No such file or directory (2) in /Applications/MAMP/htdocs/login.php on line 2
[21-Sep-2024 16:03:03 UTC] PHP Warning:  session_start(): Failed to read session data: files (path: /Applications/MAMP/tmp/php) in /Applications/MAMP/htdocs/login.php on line 2
[21-Sep-2024 16:03:03 UTC] PHP Warning:  Undefined variable $pdo in /Applications/MAMP/htdocs/login.php on line 11
[21-Sep-2024 16:03:03 UTC] PHP Fatal error:  Uncaught Error: Call to a member function prepare() on null in /Applications/MAMP/htdocs/login.php:11
Stack trace:
#0 {main}
  thrown in /Applications/MAMP/htdocs/login.php on line 11
[21-Sep-2024 16:03:38 UTC] PHP Warning:  session_start(): open(/Applications/MAMP/tmp/php/sess_mn6gujmojk8nrhjbpt17dvihdh, O_RDWR) failed: No such file or directory (2) in /Applications/MAMP/htdocs/login.php on line 2
[21-Sep-2024 16:03:38 UTC] PHP Warning:  session_start(): Failed to read session data: files (path: /Applications/MAMP/tmp/php) in /Applications/MAMP/htdocs/login.php on line 2
[21-Sep-2024 16:04:27 UTC] PHP Notice:  PHP Request Startup: file created in the system's temporary directory in Unknown on line 0
[21-Sep-2024 16:04:42 UTC] PHP Notice:  PHP Request Startup: file created in the system's temporary directory in Unknown on line 0
